2025-09-29 17:43:38 0 [Note] Starting MariaDB 10.11.14-MariaDB source revision 053f9bcb5b147bf00edb99e1310bae9125b7f125 server_uid q1s0G2Xry2ugEX06hWESl5MZJVY= as process 79
2025-09-29 17:43:38 0 [Note] InnoDB: Compressed tables use zlib 1.3.1
2025-09-29 17:43:38 0 [Note] InnoDB: Number of transaction pools: 1
2025-09-29 17:43:38 0 [Note] InnoDB: Using crc32 + pclmulqdq instructions
2025-09-29 17:43:38 0 [Note] InnoDB: Using Linux native AIO
2025-09-29 17:43:38 0 [Note] InnoDB: innodb_buffer_pool_size_max=128m, innodb_buffer_pool_size=128m
2025-09-29 17:43:38 0 [Note] InnoDB: Completed initialization of buffer pool
2025-09-29 17:43:38 0 [Note] InnoDB: File system buffers for log disabled (block size=512 bytes)
2025-09-29 17:43:39 0 [Note] InnoDB: Starting crash recovery from checkpoint LSN=46846
2025-09-29 17:43:39 0 [Note] InnoDB: End of log at LSN=1427118
2025-09-29 17:43:40 0 [Note] InnoDB: To recover: 251 pages
2025-09-29 17:43:40 0 [Note] InnoDB: 128 rollback segments are active.
2025-09-29 17:43:40 0 [Note] InnoDB: Removed temporary tablespace data file: "./ibtmp1"
2025-09-29 17:43:40 0 [Note] InnoDB: Setting file './ibtmp1' size to 12.000MiB. Physically writing the file full; Please wait ...
2025-09-29 17:43:40 0 [Note] InnoDB: File './ibtmp1' size is now 12.000MiB.
2025-09-29 17:43:40 0 [Note] InnoDB: log sequence number 1427118; transaction id 599
2025-09-29 17:43:40 0 [Note] Plugin 'FEEDBACK' is disabled.
2025-09-29 17:43:40 0 [Note] InnoDB: Loading buffer pool(s) from /var/lib/mysql/ib_buffer_pool
2025-09-29 17:43:40 0 [Note] Server socket created on IP: '0.0.0.0', port: '3306'.
2025-09-29 17:43:40 0 [Note] InnoDB: Buffer pool(s) load completed at 250929 17:43:40
2025-09-29 17:43:40 0 [Note] /usr/bin/mariadbd: ready for connections.
Version: '10.11.14-MariaDB'  socket: '/run/mysqld/mysqld.sock'  port: 3306  Alpine Linux
